[14-Oct-2020 15:28:02] NOTICE: fpm is running, pid 41036
[14-Oct-2020 15:28:02] NOTICE: ready to handle connections
[14-Oct-2020 18:27:30] NOTICE: Terminating ...
[14-Oct-2020 18:27:30] NOTICE: Terminating ...
[14-Oct-2020 18:27:30] NOTICE: exiting, bye-bye!
[15-Oct-2020 08:22:41] NOTICE: fpm is running, pid 24488
[15-Oct-2020 08:22:41] NOTICE: ready to handle connections
[18-Oct-2020 23:43:56] NOTICE: Terminating ...
[18-Oct-2020 23:43:56] NOTICE: Terminating ...
[18-Oct-2020 23:43:56] NOTICE: exiting, bye-bye!
[19-Oct-2020 08:12:33] NOTICE: fpm is running, pid 2132
[19-Oct-2020 08:12:33] NOTICE: ready to handle connections
[20-Oct-2020 23:42:49] NOTICE: Terminating ...
[20-Oct-2020 23:42:49] NOTICE: Terminating ...
[20-Oct-2020 23:42:49] NOTICE: exiting, bye-bye!
[21-Oct-2020 08:09:06] NOTICE: fpm is running, pid 60676
[21-Oct-2020 08:09:06] NOTICE: ready to handle connections
[29-Oct-2020 17:18:50] NOTICE: Terminating ...
[29-Oct-2020 17:18:50] NOTICE: Terminating ...
[29-Oct-2020 17:18:50] NOTICE: exiting, bye-bye!
[29-Oct-2020 22:49:58] NOTICE: fpm is running, pid 35867
[29-Oct-2020 22:49:58] NOTICE: ready to handle connections
[01-Nov-2020 22:31:52] NOTICE: Terminating ...
[01-Nov-2020 22:31:52] NOTICE: Terminating ...
[01-Nov-2020 22:31:52] NOTICE: exiting, bye-bye!
[02-Nov-2020 08:34:02] NOTICE: fpm is running, pid 1408
[02-Nov-2020 08:34:02] NOTICE: ready to handle connections
[04-Nov-2020 00:17:27] NOTICE: Terminating ...
[04-Nov-2020 00:17:27] NOTICE: Terminating ...
[04-Nov-2020 00:17:27] NOTICE: exiting, bye-bye!
[04-Nov-2020 08:26:33] NOTICE: fpm is running, pid 39572
[04-Nov-2020 08:26:33] NOTICE: ready to handle connections
[17-Nov-2020 22:58:12] NOTICE: Terminating ...
[17-Nov-2020 22:58:12] NOTICE: Terminating ...
[17-Nov-2020 22:58:12] NOTICE: exiting, bye-bye!
[20-Nov-2020 11:19:56] NOTICE: fpm is running, pid 41270
[20-Nov-2020 11:19:56] NOTICE: ready to handle connections
[03-Dec-2020 00:03:54] NOTICE: Terminating ...
[03-Dec-2020 00:03:54] NOTICE: Terminating ...
[03-Dec-2020 00:03:54] NOTICE: exiting, bye-bye!
[13-May-2021 10:38:05] NOTICE: fpm is running, pid 12471
[13-May-2021 10:38:05] NOTICE: ready to handle connections
[13-May-2021 10:59:14] NOTICE: Terminating ...
[13-May-2021 10:59:14] NOTICE: Terminating ...
[13-May-2021 10:59:14] NOTICE: exiting, bye-bye!
